TN:
SF:_schema.ts
FNF:0
FNH:0
DA:1,1
DA:2,1
LF:2
LH:2
BRF:0
BRH:0
end_of_record
TN:
SF:src/routes/index.route.ts
FNF:0
FNH:0
DA:1,1
DA:2,1
DA:3,1
DA:4,1
DA:6,1
DA:7,1
DA:8,1
DA:9,1
DA:11,1
LF:9
LH:9
BRF:0
BRH:0
end_of_record
TN:
SF:src/routes/orders.route.ts
FN:9,createOrder
FNF:1
FNH:1
FNDA:1,createOrder
DA:1,1
DA:6,1
DA:10,1
DA:11,1
DA:14,1
LF:5
LH:5
BRF:0
BRH:0
end_of_record
TN:
SF:src/services/ordersService.ts
FNF:0
FNH:0
DA:1,1
LF:1
LH:1
BRF:0
BRH:0
end_of_record
TN:
SF:src/utils/requestValidator.ts
FN:7,validateBody
FN:9,(anonymous_2)
FNF:2
FNH:2
FNDA:1,validateBody
FNDA:2,(anonymous_2)
DA:1,1
DA:4,1
DA:8,1
DA:9,1
DA:10,2
DA:11,2
DA:12,1
DA:16,1
LF:8
LH:8
BRDA:11,0,0,1
BRF:1
BRH:1
end_of_record
TN:
SF:src/utils/server.ts
FN:4,createServer
FNF:1
FNH:1
FNDA:3,createServer
DA:1,1
DA:3,1
DA:4,1
DA:5,3
DA:6,3
DA:7,3
LF:6
LH:6
BRF:0
BRH:0
end_of_record
